<?xml version="1.0" encoding="UTF-8"?>
<!-- Generated by org.testng.reporters.JUnitReportReporter -->
<testsuite hostname="DESKTOP-BLPH810" failures="0" tests="1" name="testCases.TC0002_LoginTest" time="2.834" errors="0" timestamp="2024-10-19T16:04:44 IST" skipped="0">
  <testcase classname="testCases.TC0002_LoginTest" name="verify_login" time="2.834"/>
</testsuite> <!-- testCases.TC0002_LoginTest -->
