<?xml version="1.0" encoding="UTF-8"?>
<!-- Generated by org.testng.reporters.JUnitReportReporter -->
<testsuite hostname="DESKTOP-BLPH810" failures="0" tests="4" name="testCases.TC0003_LoginDDT" time="38.340" errors="0" timestamp="2024-10-10T17:58:30 IST" skipped="0">
  <testcase classname="testCases.TC0003_LoginDDT" name="verify_loginDDT" time="12.165"/>
  <testcase classname="testCases.TC0003_LoginDDT" name="verify_loginDDT" time="2.887"/>
  <testcase classname="testCases.TC0003_LoginDDT" name="verify_loginDDT" time="11.530"/>
  <testcase classname="testCases.TC0003_LoginDDT" name="verify_loginDDT" time="11.758"/>
</testsuite> <!-- testCases.TC0003_LoginDDT -->
