<?xml version="1.0" encoding="UTF-8"?>
<!-- Generated by org.testng.reporters.JUnitReportReporter -->
<testsuite hostname="DESKTOP-BLPH810" failures="0" tests="1" name="testCases.TC0002_LoginTest" time="1.830" errors="0" timestamp="2024-10-20T09:16:33 IST" skipped="0">
  <testcase classname="testCases.TC0002_LoginTest" name="verify_login" time="1.830"/>
</testsuite> <!-- testCases.TC0002_LoginTest -->
